2026-05-21 20:17:20.338 - DBeaver 26.0.5.202605171705 is starting
2026-05-21 20:17:20.342 - OS: Windows 11 10.0 (amd64)
2026-05-21 20:17:20.344 - Java version: 21.0.10 by Eclipse Adoptium (64bit)
2026-05-21 20:17:20.344 - Install path: 'C:\Program Files\DBeaver'
2026-05-21 20:17:20.344 - Instance path: 'file:/C:/Users/kouadja/Mageste/artefact/analytics_engineer_artefact_test/airci_project/'
2026-05-21 20:17:20.350 - Memory available 64Mb/1024Mb
2026-05-21 20:17:20.359 - Initialize desktop platform...
2026-05-21 20:17:21.339 - BounceCastle bundle found. Use JCE provider BC
> Start Core File Systems [org.eclipse.core.filesystem 1.11.400.v20251107-0507]
> Start Core Resource Management [org.eclipse.core.resources 3.23.200.v20251217-0810]
> Start Team Support Core [org.eclipse.team.core 3.10.1000.v20260112-1030]
> Start DBeaver UI Navigator [org.jkiss.dbeaver.ui.navigator 1.0.179.202605171705]
> Start JFace Text [org.eclipse.jface.text 3.30.0.v20260203-0841]
2026-05-21 20:17:22.874 - Initialize base platform...
2026-05-21 20:17:22.895 - Platform initialized (2536ms)
2026-05-21 20:17:22.927 - 	Create display
2026-05-21 20:17:23.398 - 	Patch workbench configuration
2026-05-21 20:17:23.583 - 	Starting instance server at http://localhost:63709
2026-05-21 20:17:23.611 - Run workbench
> Start Eclipse IDE UI [org.eclipse.ui.ide 3.23.0.v20260103-1639]
> Start Eclipse e4 Workbench SWT [org.eclipse.e4.ui.workbench.swt 0.18.0.v20260119-0835]
> Start Eclipse Application Services [org.eclipse.e4.core.services 2.5.300.v20251112-1253]
> Start Eclipse UI Application Services [org.eclipse.e4.ui.services 1.6.600.v20251023-1358]
> Start Eclipse e4 Progress View [org.eclipse.e4.ui.progress 0.5.0.v20251217-1052]
> Start Eclipse Bindings Support [org.eclipse.e4.ui.bindings 0.15.0.v20251216-1230]
> Start Eclipse e4 core commands [org.eclipse.e4.core.commands 1.1.700.v20250916-0927]
> Start EMF XML/XMI Persistence [org.eclipse.emf.ecore.xmi 2.40.0.v20251210-1145]
> Start Eclipse CSS SWT Theme Support [org.eclipse.e4.ui.css.swt.theme 0.15.0.v20251216-1230]
> Start Eclipse e4 Workbench Add-ons [org.eclipse.e4.ui.workbench.addons.swt 1.6.0.v20251216-1230]
> Start Eclipse e4 Workbench SWT Renderer [org.eclipse.e4.ui.workbench.renderers.swt 0.17.0.v20260131-0926]
> Start Eclipse Dependency Injection Extensions [org.eclipse.e4.core.di.extensions 0.18.300.v20240413-1529]
> Start DBeaver AI Model [org.jkiss.dbeaver.model.ai 2.0.22.202605171705]
> Start DBeaver AI UI [org.jkiss.dbeaver.ui.ai 1.0.81.202605171705]
> Start Eclipse CSS SWT Support [org.eclipse.e4.ui.css.swt 0.16.0.v20251216-1230]
> Start Internet Connection Management [org.eclipse.core.net 1.5.800.v20250613-1119]
> Start Equinox Java Authentication and Authorization Service (JAAS) [org.eclipse.equinox.security 1.4.700.v20250622-1644]
> Start Internet Connection Management UI [org.eclipse.ui.net 1.6.0.v20251219-1227]
> Start GEF Classic Draw2d [org.eclipse.draw2d 3.22.0.202602231721]
> Start GEF Classic GEF (MVC) [org.eclipse.gef 3.25.0.202602162234]
2026-05-21 20:17:28.798 - Configure workbench window
> Start Default Text Editor [org.eclipse.ui.editors 3.21.0.v20260218-1452]
> Start Text Editor Framework [org.eclipse.ui.workbench.texteditor 3.20.0.v20260127-1637]
> Start DBeaver SQL Model [org.jkiss.dbeaver.model.sql 1.0.169.202605171705]
2026-05-21 20:17:29.248 - Total database drivers: 130 (130)
> Start Help System Core [org.eclipse.help 3.11.0.v20251227-1159]
2026-05-21 20:17:29.460 - Create actions
2026-05-21 20:17:34.495 - Initialize workbench window
2026-05-21 20:17:34.519 - Finish initialization
> Start DBeaver UI Editors - Data [org.jkiss.dbeaver.ui.editors.data 1.0.179.202605171705]
> Start DBeaver UI Editors - SQL [org.jkiss.dbeaver.ui.editors.sql 1.0.179.202605171705]
> Start DBeaver Dashboard UI [org.jkiss.dbeaver.ui.dashboard 1.0.176.202605171705]
> Start DBeaver ERD UI [org.jkiss.dbeaver.ui.editors.erd 3.1.20.202605171705]
> Start DBeaver ERD Model [org.jkiss.dbeaver.model.erd 1.1.20.202605171705]
> Start DBeaver Sample Database [org.jkiss.dbeaver.ui.config.sample 1.0.216.202605171705]
2026-05-21 20:17:51.851 - Open [https://dbeaver.io/product/version.xml]
2026-05-21 20:18:23.169 - Dispose navigator model
2026-05-21 20:18:23.362 - DBeaver is stopping
2026-05-21 20:18:23.368 - Stop instance server
2026-05-21 20:18:23.372 - Instance server has been stopped
2026-05-21 20:18:23.381 - DBeaver shutdown completed
2026-05-21 20:18:23.459 - Shutdown desktop platform...
2026-05-21 20:18:23.529 - Platform shutdown completed (69ms)
